<?xml version="1.0" encoding="UTF-8"?>
<testng-results skipped="0" failed="0" ignored="0" total="1" passed="1">
  <reporter-output>
  </reporter-output>
  <suite name="Default suite" duration-ms="5533" started-at="2023-04-13T13:16:41 CEST" finished-at="2023-04-13T13:16:46 CEST">
    <groups>
    </groups>
    <test name="Default test" duration-ms="5533" started-at="2023-04-13T13:16:41 CEST" finished-at="2023-04-13T13:16:46 CEST">
      <class name="BaseTest">
        <test-method status="PASS" signature="setUp()[pri:0, instance:BaseTest@192d3247]" name="setUp" is-config="true" duration-ms="2020" started-at="2023-04-13T13:16:39 CEST" finished-at="2023-04-13T13:16:41 CEST">
          <reporter-output>
          </reporter-output>
        </test-method> <!-- setUp -->
        <test-method status="PASS" signature="test1()[pri:0, instance:BaseTest@192d3247]" name="test1" duration-ms="5513" started-at="2023-04-13T13:16:41 CEST" finished-at="2023-04-13T13:16:46 CEST">
          <reporter-output>
          </reporter-output>
        </test-method> <!-- test1 -->
      </class> <!-- BaseTest -->
    </test> <!-- Default test -->
  </suite> <!-- Default suite -->
</testng-results>
